TN:
SF:/Users/cliffano/dev/workspace/bob/lib/bob.js
FN:10,Bob
FN:21,(anonymous_2)
FN:28,(anonymous_3)
FN:30,(anonymous_4)
FN:45,(anonymous_5)
FN:48,loadTask
FN:51,loadConfig
FN:54,installDeps
FN:57,(anonymous_9)
FN:60,(anonymous_10)
FN:75,(anonymous_11)
FN:88,(anonymous_12)
FN:90,(anonymous_13)
FN:92,(anonymous_14)
FN:108,(anonymous_15)
FN:109,(anonymous_16)
FN:110,(anonymous_17)
FN:120,(anonymous_18)
FNF:18
FNH:18
FNDA:12,Bob
FNDA:3,(anonymous_2)
FNDA:3,(anonymous_3)
FNDA:2,(anonymous_4)
FNDA:3,(anonymous_5)
FNDA:3,loadTask
FNDA:3,loadConfig
FNDA:3,installDeps
FNDA:4,(anonymous_9)
FNDA:2,(anonymous_10)
FNDA:1,(anonymous_11)
FNDA:1,(anonymous_12)
FNDA:1,(anonymous_13)
FNDA:3,(anonymous_14)
FNDA:1,(anonymous_15)
FNDA:1,(anonymous_16)
FNDA:1,(anonymous_17)
FNDA:7,(anonymous_18)
DA:1,1
DA:10,1
DA:11,12
DA:21,1
DA:22,3
DA:26,3
DA:28,3
DA:29,3
DA:30,2
DA:31,2
DA:32,1
DA:45,1
DA:46,3
DA:48,1
DA:49,3
DA:51,1
DA:52,3
DA:54,1
DA:55,3
DA:56,2
DA:57,2
DA:58,4
DA:60,2
DA:61,2
DA:65,3
DA:75,1
DA:76,1
DA:83,1
DA:88,1
DA:90,1
DA:91,1
DA:92,1
DA:93,3
DA:94,1
DA:97,1
DA:107,1
DA:108,1
DA:109,1
DA:110,1
DA:111,1
DA:112,1
DA:113,1
DA:117,1
DA:120,1
DA:122,7
DA:126,7
DA:127,6
DA:129,7
DA:132,1
LF:49
LH:49
BRDA:29,1,0,1
BRDA:29,1,1,2
BRDA:31,2,0,1
BRDA:31,2,1,1
BRDA:55,3,0,1
BRDA:55,3,1,2
BRDA:93,4,0,1
BRDA:93,4,1,2
BRDA:123,5,0,6
BRDA:123,5,1,1
BRDA:123,6,0,7
BRDA:123,6,1,6
BRDA:126,7,0,6
BRDA:126,7,1,1
BRF:14
BRH:14
end_of_record
TN:
SF:/Users/cliffano/dev/workspace/bob/lib/config.js
FN:13,load
FN:16,(anonymous_2)
FN:18,(anonymous_3)
FN:21,(anonymous_4)
FNF:4
FNH:4
FNDA:4,load
FNDA:4,(anonymous_2)
FNDA:3,(anonymous_3)
FNDA:3,(anonymous_4)
DA:1,1
DA:13,1
DA:14,4
DA:16,4
DA:17,4
DA:18,3
DA:19,3
DA:20,2
DA:21,2
DA:22,3
DA:23,1
DA:27,3
DA:30,1
DA:35,1
LF:14
LH:14
BRDA:17,1,0,3
BRDA:17,1,1,1
BRDA:19,2,0,2
BRDA:19,2,1,1
BRDA:22,3,0,1
BRDA:22,3,1,2
BRF:6
BRH:6
end_of_record
TN:
SF:/Users/cliffano/dev/workspace/bob/lib/deps.js
FN:16,install
FN:17,(anonymous_2)
FN:21,(anonymous_3)
FNF:3
FNH:3
FNDA:4,install
FNDA:4,(anonymous_2)
FNDA:11,(anonymous_3)
DA:1,3
DA:5,3
DA:16,1
DA:17,4
DA:18,4
DA:20,3
DA:21,3
DA:22,11
DA:25,2
DA:28,3
DA:29,2
DA:30,2
DA:32,1
DA:38,3
LF:14
LH:14
BRDA:18,1,0,1
BRDA:18,1,1,3
BRDA:22,2,0,2
BRDA:22,2,1,9
BRDA:22,3,0,11
BRDA:22,3,1,8
BRDA:22,3,2,4
BRDA:28,4,0,2
BRDA:28,4,1,1
BRF:9
BRH:9
end_of_record
TN:
SF:/Users/cliffano/dev/workspace/bob/lib/runner.js
FN:20,exec
FN:27,(anonymous_2)
FN:34,(anonymous_3)
FN:53,execSeries
FN:55,_exec
FN:57,(anonymous_6)
FNF:6
FNH:6
FNDA:3,exec
FNDA:3,(anonymous_2)
FNDA:3,(anonymous_3)
FNDA:2,execSeries
FNDA:2,_exec
FNDA:2,(anonymous_6)
DA:1,3
DA:20,1
DA:22,3
DA:24,3
DA:27,3
DA:28,3
DA:29,2
DA:31,3
DA:34,3
DA:35,3
DA:36,2
DA:38,3
DA:53,1
DA:55,1
DA:56,2
DA:57,2
DA:58,2
DA:59,1
DA:60,1
DA:61,1
DA:62,1
DA:66,2
DA:69,3
DA:70,3
LF:24
LH:24
BRDA:28,1,0,2
BRDA:28,1,1,1
BRDA:35,2,0,2
BRDA:35,2,1,1
BRDA:58,3,0,1
BRDA:58,3,1,1
BRF:6
BRH:6
end_of_record
TN:
SF:/Users/cliffano/dev/workspace/bob/lib/task.js
FN:14,load
FN:18,(anonymous_2)
FN:19,(anonymous_3)
FN:21,(anonymous_4)
FN:32,parse
FN:34,(anonymous_6)
FNF:6
FNH:6
FNDA:2,load
FNDA:4,(anonymous_2)
FNDA:4,(anonymous_3)
FNDA:4,(anonymous_4)
FNDA:2,parse
FNDA:2,(anonymous_6)
DA:1,1
DA:14,1
DA:16,2
DA:18,2
DA:19,4
DA:20,4
DA:21,4
DA:22,4
DA:23,1
DA:24,1
DA:26,3
DA:32,1
DA:33,2
DA:34,1
DA:35,2
DA:38,2
DA:41,2
DA:44,1
LF:18
LH:18
BRDA:22,1,0,1
BRDA:22,1,1,3
BRDA:33,2,0,1
BRDA:33,2,1,1
BRF:4
BRH:4
end_of_record
TN:
SF:/Users/cliffano/dev/workspace/bob/lib/cli.js
FN:12,_exec
FN:33,errorCb
FN:42,successCb
FN:52,exec
FN:62,(anonymous_5)
FN:71,(anonymous_6)
FNF:6
FNH:6
FNDA:3,_exec
FNDA:2,errorCb
FNDA:1,successCb
FNDA:3,exec
FNDA:3,(anonymous_5)
FNDA:6,(anonymous_6)
DA:1,1
DA:9,1
DA:12,1
DA:13,3
DA:17,3
DA:18,1
DA:21,3
DA:33,1
DA:34,2
DA:35,1
DA:36,1
DA:38,1
DA:42,1
DA:43,1
DA:46,3
DA:52,1
DA:54,3
DA:61,3
DA:62,3
DA:63,3
DA:64,1
DA:66,2
DA:69,3
DA:71,3
DA:72,6
DA:75,3
DA:78,1
LF:27
LH:27
BRDA:15,1,0,3
BRDA:15,1,1,3
BRDA:28,2,0,3
BRDA:28,2,1,3
BRDA:34,3,0,1
BRDA:34,3,1,1
BRDA:34,4,0,2
BRDA:34,4,1,1
BRDA:57,5,0,2
BRDA:57,5,1,1
BRDA:63,6,0,1
BRDA:63,6,1,2
BRDA:63,7,0,3
BRDA:63,7,1,2
BRF:14
BRH:14
end_of_record
